<?xml version="1.0" encoding="utf-8"?><testsuites name="pytest tests"><testsuite name="pytest" errors="0" failures="0" skipped="0" tests="12" time="1.258" timestamp="2026-05-09T07:34:12.772236+00:00" hostname="agent-env-c1e77693-6b92-4c89-8e72-b5b3ba6a1d85"><testcase classname="backend.tests.backend_test" name="test_root" time="0.190" /><testcase classname="backend.tests.backend_test.TestInquiries" name="test_create_consultation" time="0.091" /><testcase classname="backend.tests.backend_test.TestInquiries" name="test_create_general" time="0.053" /><testcase classname="backend.tests.backend_test.TestInquiries" name="test_create_salvix" time="0.051" /><testcase classname="backend.tests.backend_test.TestInquiries" name="test_invalid_type_returns_400" time="0.055" /><testcase classname="backend.tests.backend_test.TestInquiries" name="test_invalid_email_returns_422" time="0.062" /><testcase classname="backend.tests.backend_test.TestInquiries" name="test_list_inquiries_no_id_leak" time="0.062" /><testcase classname="backend.tests.backend_test.TestArtistApplications" name="test_create_valid" time="0.055" /><testcase classname="backend.tests.backend_test.TestArtistApplications" name="test_create_iteration4_minimal_payload" time="0.113" /><testcase classname="backend.tests.backend_test.TestArtistApplications" name="test_create_iteration5_full_payload" time="0.114" /><testcase classname="backend.tests.backend_test.TestArtistApplications" name="test_short_statement_422" time="0.052" /><testcase classname="backend.tests.backend_test.TestArtistApplications" name="test_list_apps" time="0.058" /></testsuite></testsuites>